This is pdfTeX, Version 3.141592653-2.6-1.40.22 (TeX Live 2021) (preloaded format=pdflatex 2022.2.28)  7 MAY 2023 17:11
entering extended mode
 restricted \write18 enabled.
 %&-line parsing enabled.
**cudagraph_thesis.tex
(./cudagraph_thesis.tex
LaTeX2e <2020-10-01> patch level 4
L3 programming layer <2021-02-18> (/usr/local/texlive/2021/texmf-dist/tex/latex
/base/book.cls
Document Class: book 2020/04/10 v1.4m Standard LaTeX document class
(/usr/local/texlive/2021/texmf-dist/tex/latex/base/bk10.clo
File: bk10.clo 2020/04/10 v1.4m Standard LaTeX file (size option)
)
\c@part=\count179
\c@chapter=\count180
\c@section=\count181
\c@subsection=\count182
\c@subsubsection=\count183
\c@paragraph=\count184
\c@subparagraph=\count185
\c@figure=\count186
\c@table=\count187
\abovecaptionskip=\skip47
\belowcaptionskip=\skip48
\bibindent=\dimen138
) (/usr/local/texlive/2021/texmf-dist/tex/generic/babel/babel.sty
Package: babel 2021/03/24 3.56 The Babel package
(/usr/local/texlive/2021/texmf-dist/tex/generic/babel/babel.def
File: babel.def 2021/03/24 3.56 Babel common definitions
\babel@savecnt=\count188
\U@D=\dimen139
\l@babelnohyphens=\language87
(/usr/local/texlive/2021/texmf-dist/tex/generic/babel/txtbabel.def)
\bbl@readstream=\read2
)
\bbl@dirlevel=\count189
(/usr/local/texlive/2021/texmf-dist/tex/generic/babel-english/english.ldf
Language: english 2017/06/06 v3.3r English support from the babel system
Package babel Info: \l@canadian = using hyphenrules for english
(babel)             (\language0) on input line 102.
Package babel Info: \l@australian = using hyphenrules for ukenglish
(babel)             (\language21) on input line 105.
Package babel Info: \l@newzealand = using hyphenrules for ukenglish
(babel)             (\language21) on input line 108.
)) (/usr/local/texlive/2021/texmf-dist/tex/latex/amsmath/amsmath.sty
Package: amsmath 2020/09/23 v2.17i AMS math features
\@mathmargin=\skip49
For additional information on amsmath, use the `?' option.
(/usr/local/texlive/2021/texmf-dist/tex/latex/amsmath/amstext.sty
Package: amstext 2000/06/29 v2.01 AMS text
(/usr/local/texlive/2021/texmf-dist/tex/latex/amsmath/amsgen.sty
File: amsgen.sty 1999/11/30 v2.0 generic functions
\@emptytoks=\toks15
\ex@=\dimen140
)) (/usr/local/texlive/2021/texmf-dist/tex/latex/amsmath/amsbsy.sty
Package: amsbsy 1999/11/29 v1.2d Bold Symbols
\pmbraise@=\dimen141
) (/usr/local/texlive/2021/texmf-dist/tex/latex/amsmath/amsopn.sty
Package: amsopn 2016/03/08 v2.02 operator names
)
\inf@bad=\count190
LaTeX Info: Redefining \frac on input line 234.
\uproot@=\count191
\leftroot@=\count192
LaTeX Info: Redefining \overline on input line 399.
\classnum@=\count193
\DOTSCASE@=\count194
LaTeX Info: Redefining \ldots on input line 496.
LaTeX Info: Redefining \dots on input line 499.
LaTeX Info: Redefining \cdots on input line 620.
\Mathstrutbox@=\box47
\strutbox@=\box48
\big@size=\dimen142
LaTeX Font Info:    Redeclaring font encoding OML on input line 743.
LaTeX Font Info:    Redeclaring font encoding OMS on input line 744.
\macc@depth=\count195
\c@MaxMatrixCols=\count196
\dotsspace@=\muskip16
\c@parentequation=\count197
\dspbrk@lvl=\count198
\tag@help=\toks16
\row@=\count199
\column@=\count266
\maxfields@=\count267
\andhelp@=\toks17
\eqnshift@=\dimen143
\alignsep@=\dimen144
\tagshift@=\dimen145
\tagwidth@=\dimen146
\totwidth@=\dimen147
\lineht@=\dimen148
\@envbody=\toks18
\multlinegap=\skip50
\multlinetaggap=\skip51
\mathdisplay@stack=\toks19
LaTeX Info: Redefining \[ on input line 2923.
LaTeX Info: Redefining \] on input line 2924.
) (/usr/local/texlive/2021/texmf-dist/tex/latex/graphics/graphicx.sty
Package: graphicx 2020/09/09 v1.2b Enhanced LaTeX Graphics (DPC,SPQR)
(/usr/local/texlive/2021/texmf-dist/tex/latex/graphics/keyval.sty
Package: keyval 2014/10/28 v1.15 key=value parser (DPC)
\KV@toks@=\toks20
) (/usr/local/texlive/2021/texmf-dist/tex/latex/graphics/graphics.sty
Package: graphics 2020/08/30 v1.4c Standard LaTeX Graphics (DPC,SPQR)
(/usr/local/texlive/2021/texmf-dist/tex/latex/graphics/trig.sty
Package: trig 2016/01/03 v1.10 sin cos tan (DPC)
) (/usr/local/texlive/2021/texmf-dist/tex/latex/graphics-cfg/graphics.cfg
File: graphics.cfg 2016/06/04 v1.11 sample graphics configuration
)
Package graphics Info: Driver file: pdftex.def on input line 105.
(/usr/local/texlive/2021/texmf-dist/tex/latex/graphics-def/pdftex.def
File: pdftex.def 2020/10/05 v1.2a Graphics/color driver for pdftex
))
\Gin@req@height=\dimen149
\Gin@req@width=\dimen150
) (/usr/local/texlive/2021/texmf-dist/tex/latex/tools/calc.sty
Package: calc 2017/05/25 v4.3 Infix arithmetic (KKT,FJ)
\calc@Acount=\count268
\calc@Bcount=\count269
\calc@Adimen=\dimen151
\calc@Bdimen=\dimen152
\calc@Askip=\skip52
\calc@Bskip=\skip53
LaTeX Info: Redefining \setlength on input line 80.
LaTeX Info: Redefining \addtolength on input line 81.
\calc@Ccount=\count270
\calc@Cskip=\skip54
) (/usr/local/texlive/2021/texmf-dist/tex/latex/base/ifthen.sty
Package: ifthen 2014/09/29 v1.1c Standard LaTeX ifthen package (DPC)
) (/usr/local/texlive/2021/texmf-dist/tex/latex/tools/tabularx.sty
Package: tabularx 2020/01/15 v2.11c `tabularx' package (DPC)
(/usr/local/texlive/2021/texmf-dist/tex/latex/tools/array.sty
Package: array 2020/10/01 v2.5c Tabular extension package (FMi)
\col@sep=\dimen153
\ar@mcellbox=\box49
\extrarowheight=\dimen154
\NC@list=\toks21
\extratabsurround=\skip55
\backup@length=\skip56
\ar@cellbox=\box50
)
\TX@col@width=\dimen155
\TX@old@table=\dimen156
\TX@old@col=\dimen157
\TX@target=\dimen158
\TX@delta=\dimen159
\TX@cols=\count271
\TX@ftn=\toks22
) (/usr/local/texlive/2021/texmf-dist/tex/latex/capt-of/capt-of.sty
Package: capt-of 2009/12/29 v0.2 standard captions outside of floats
)
\tmfloatwidth=\skip57
(/usr/local/texlive/2021/texmf-dist/tex/latex/l3backend/l3backend-pdftex.def
File: l3backend-pdftex.def 2021-03-18 L3 backend support: PDF output (pdfTeX)
\l__color_backend_stack_int=\count272
\l__pdf_internal_box=\box51
)
No file cudagraph_thesis.aux.
\openout1 = `cudagraph_thesis.aux'.

LaTeX Font Info:    Checking defaults for OML/cmm/m/it on input line 40.
LaTeX Font Info:    ... okay on input line 40.
LaTeX Font Info:    Checking defaults for OMS/cmsy/m/n on input line 40.
LaTeX Font Info:    ... okay on input line 40.
LaTeX Font Info:    Checking defaults for OT1/cmr/m/n on input line 40.
LaTeX Font Info:    ... okay on input line 40.
LaTeX Font Info:    Checking defaults for T1/cmr/m/n on input line 40.
LaTeX Font Info:    ... okay on input line 40.
LaTeX Font Info:    Checking defaults for TS1/cmr/m/n on input line 40.
LaTeX Font Info:    ... okay on input line 40.
LaTeX Font Info:    Checking defaults for OMX/cmex/m/n on input line 40.
LaTeX Font Info:    ... okay on input line 40.
LaTeX Font Info:    Checking defaults for U/cmr/m/n on input line 40.
LaTeX Font Info:    ... okay on input line 40.
(/usr/local/texlive/2021/texmf-dist/tex/context/base/mkii/supp-pdf.mkii
[Loading MPS to PDF converter (version 2006.09.02).]
\scratchcounter=\count273
\scratchdimen=\dimen160
\scratchbox=\box52
\nofMPsegments=\count274
\nofMParguments=\count275
\everyMPshowfont=\toks23
\MPscratchCnt=\count276
\MPscratchDim=\dimen161
\MPnumerator=\count277
\makeMPintoPDFobject=\count278
\everyMPtoPDFconversion=\toks24
) (/usr/local/texlive/2021/texmf-dist/tex/latex/epstopdf-pkg/epstopdf-base.sty
Package: epstopdf-base 2020-01-24 v2.11 Base part for package epstopdf
Package epstopdf-base Info: Redefining graphics rule for `.eps' on input line 4
85.
(/usr/local/texlive/2021/texmf-dist/tex/latex/latexconfig/epstopdf-sys.cfg
File: epstopdf-sys.cfg 2010/07/13 v1.3 Configuration of (r)epstopdf for TeX Liv
e
))

! LaTeX Error: Environment abstract undefined.

See the LaTeX manual or LaTeX Companion for explanation.
Type  H <return>  for immediate help.
 ...                                              
                                                  
l.85 \begin{abstract}
                     
Your command was ignored.
Type  I <command> <return>  to replace it with another command,
or  <return>  to continue without it.


! LaTeX Error: \begin{document} ended by \end{abstract}.

See the LaTeX manual or LaTeX Companion for explanation.
Type  H <return>  for immediate help.
 ...                                              
                                                  
l.111 \end{abstract}
                    
Your command was ignored.
Type  I <command> <return>  to replace it with another command,
or  <return>  to continue without it.

[1{/usr/local/texlive/2021/texmf-var/fonts/map/pdftex/updmap/pdftex.map}

]
<cudagraph_thesis-1.pdf, id=9, 427.27286pt x 142.20818pt>
File: cudagraph_thesis-1.pdf Graphic file (type pdf)
<use cudagraph_thesis-1.pdf>
Package pdftex.def Info: cudagraph_thesis-1.pdf  used on input line 167.
(pdftex.def)             Requested size: 423.70557pt x 141.01869pt.
<cudagraph_thesis-2.pdf, id=10, 427.27286pt x 142.20818pt>
File: cudagraph_thesis-2.pdf Graphic file (type pdf)
<use cudagraph_thesis-2.pdf>
Package pdftex.def Info: cudagraph_thesis-2.pdf  used on input line 167.
(pdftex.def)             Requested size: 423.70557pt x 141.01869pt.
File: cudagraph_thesis-1.pdf Graphic file (type pdf)
<use cudagraph_thesis-1.pdf>
Package pdftex.def Info: cudagraph_thesis-1.pdf  used on input line 167.
(pdftex.def)             Requested size: 423.70557pt x 141.01869pt.

Overfull \hbox (268.45662pt too wide) in paragraph at lines 167--167
 [] 
 []

File: cudagraph_thesis-2.pdf Graphic file (type pdf)
<use cudagraph_thesis-2.pdf>
Package pdftex.def Info: cudagraph_thesis-2.pdf  used on input line 167.
(pdftex.def)             Requested size: 423.70557pt x 141.01869pt.

Overfull \hbox (268.45662pt too wide) in paragraph at lines 167--167
 [][] 
 []


Underfull \vbox (badness 10000) has occurred while \output is active []

[2]
<cudagraph_thesis-3.pdf, id=15, 384.59355pt x 203.77553pt>
File: cudagraph_thesis-3.pdf Graphic file (type pdf)
<use cudagraph_thesis-3.pdf>
Package pdftex.def Info: cudagraph_thesis-3.pdf  used on input line 182.
(pdftex.def)             Requested size: 381.39432pt x 202.07419pt.
File: cudagraph_thesis-3.pdf Graphic file (type pdf)
<use cudagraph_thesis-3.pdf>
Package pdftex.def Info: cudagraph_thesis-3.pdf  used on input line 182.
(pdftex.def)             Requested size: 381.39432pt x 202.07419pt.

Overfull \hbox (226.14537pt too wide) in paragraph at lines 182--182
 [] 
 []


Underfull \vbox (badness 10000) has occurred while \output is active []

[3 <./cudagraph_thesis-1.pdf> <./cudagraph_thesis-2.pdf>] [4 <./cudagraph_thesi
s-3.pdf>]
LaTeX Font Info:    Font shape `OT1/cmtt/bx/n' in size <12> not available
(Font)              Font shape `OT1/cmtt/m/n' tried instead on input line 261.

Overfull \hbox (0.1945pt too wide) in paragraph at lines 263--274
[] \OT1/cmr/m/n/10 pro-vide a way to ex-e-cute a par-tially or-dered set of com
-pute/memory
 []

[5]
LaTeX Font Info:    Font shape `OT1/cmtt/bx/n' in size <10> not available
(Font)              Font shape `OT1/cmtt/m/n' tried instead on input line 293.
! Undefined control sequence.
\pythoncode #1->{\pseudocode 
                             {{\python {#1}}}}
l.392 g\_exec.launch()}
                       }
The control sequence at the end of the top line
of your error message was never \def'ed. If you have
misspelled it (e.g., `\hobx'), type `I' and the correct
spelling (e.g., `I\hbox'). Otherwise just continue,
and I'll forget about whatever was undefined.

! Undefined control sequence.
\pythoncode #1->{\pseudocode {{\python 
                                       {#1}}}}
l.392 g\_exec.launch()}
                       }
The control sequence at the end of the top line
of your error message was never \def'ed. If you have
misspelled it (e.g., `\hobx'), type `I' and the correct
spelling (e.g., `I\hbox'). Otherwise just continue,
and I'll forget about whatever was undefined.

LaTeX Font Info:    Trying to load font information for OMS+cmr on input line 3
92.
(/usr/local/texlive/2021/texmf-dist/tex/latex/base/omscmr.fd
File: omscmr.fd 2019/12/16 v2.5j Standard LaTeX font definitions
)
LaTeX Font Info:    Font shape `OMS/cmr/m/n' in size <10> not available
(Font)              Font shape `OMS/cmsy/m/n' tried instead on input line 392.

Overfull \hbox (6.95615pt too wide) in paragraph at lines 392--392
[]     \OT1/cmr/m/n/10 threa-dIdx.N)\OMS/cmsy/m/n/10 n\OT1/cmr/m/n/10 n\OMS/cms
y/m/n/10 n\OT1/cmr/m/n/10 nextern "C" [][]global[][] void [][]launch[]bounds[][
](16)         dou-
 []

[6]
Overfull \hbox (69.17825pt too wide) in paragraph at lines 392--392
[]\OT1/cmr/m/n/10 kernel[]node = g.add[]kernel[]node(a[]gpu, func=doublify, blo
ck=(4, 4, 1),                                   de-
 []

! Undefined control sequence.
\pythoncode #1->{\pseudocode 
                             {{\python {#1}}}}
l.422 dtype="float64")])}
                         }
The control sequence at the end of the top line
of your error message was never \def'ed. If you have
misspelled it (e.g., `\hobx'), type `I' and the correct
spelling (e.g., `I\hbox'). Otherwise just continue,
and I'll forget about whatever was undefined.

! Undefined control sequence.
\pythoncode #1->{\pseudocode {{\python 
                                       {#1}}}}
l.422 dtype="float64")])}
                         }
The control sequence at the end of the top line
of your error message was never \def'ed. If you have
misspelled it (e.g., `\hobx'), type `I' and the correct
spelling (e.g., `I\hbox'). Otherwise just continue,
and I'll forget about whatever was undefined.

[7]
! Undefined control sequence.
\pythoncode #1->{\pseudocode 
                             {{\python {#1}}}}
l.485 \# \}\}\}}
                }
The control sequence at the end of the top line
of your error message was never \def'ed. If you have
misspelled it (e.g., `\hobx'), type `I' and the correct
spelling (e.g., `I\hbox'). Otherwise just continue,
and I'll forget about whatever was undefined.

! Undefined control sequence.
\pythoncode #1->{\pseudocode {{\python 
                                       {#1}}}}
l.485 \# \}\}\}}
                }
The control sequence at the end of the top line
of your error message was never \def'ed. If you have
misspelled it (e.g., `\hobx'), type `I' and the correct
spelling (e.g., `I\hbox'). Otherwise just continue,
and I'll forget about whatever was undefined.

<cudagraph_thesis-4.pdf, id=73, 213.87732pt x 143.54582pt>
File: cudagraph_thesis-4.pdf Graphic file (type pdf)
<use cudagraph_thesis-4.pdf>
Package pdftex.def Info: cudagraph_thesis-4.pdf  used on input line 488.
(pdftex.def)             Requested size: 212.08185pt x 142.35391pt.

LaTeX Warning: `h' float specifier changed to `ht'.

! Undefined control sequence.
\pythoncode #1->{\pseudocode 
                             {{\python {#1}}}}
l.584 \ }
         }
The control sequence at the end of the top line
of your error message was never \def'ed. If you have
misspelled it (e.g., `\hobx'), type `I' and the correct
spelling (e.g., `I\hbox'). Otherwise just continue,
and I'll forget about whatever was undefined.

! Undefined control sequence.
\pythoncode #1->{\pseudocode {{\python 
                                       {#1}}}}
l.584 \ }
         }
The control sequence at the end of the top line
of your error message was never \def'ed. If you have
misspelled it (e.g., `\hobx'), type `I' and the correct
spelling (e.g., `I\hbox'). Otherwise just continue,
and I'll forget about whatever was undefined.

[8]
Overfull \hbox (9.41637pt too wide) in paragraph at lines 584--584
[][]\OT1/cmr/m/n/10 pt[]mod[]0 = []pt[]SourceModule("#define bIdx(N) ((int) blo
ck-Idx.N)\OMS/cmsy/m/n/10 n\OT1/cmr/m/n/10 n#define
 []


Overfull \hbox (6.50072pt too wide) in paragraph at lines 584--584
[]\OT1/cmr/m/n/10 knl[]indexlambda(double *[][]restrict[][] out, dou-ble const 
*[][]restrict[][] []in1)\OMS/cmsy/m/n/10 n\OT1/cmr/m/n/10 n\OMS/cmsy/m/n/10 fn\
OT1/cmr/m/n/10 n
 []


Overfull \hbox (178.45682pt too wide) in paragraph at lines 584--584
[]   []\OT1/cmr/m/n/10 pt[]kernel[]0 = []pt[]g.add[]kernel[]node([]pt[]array, 1
39712027164672, func=[]pt[]mod[]0.get[]function('knl[]indexlambda'),
 []

[9 <./cudagraph_thesis-4.pdf>]
Overfull \hbox (26.63693pt too wide) in paragraph at lines 584--584
[]   []\OT1/cmr/m/n/10 pt[]result = []pt[]gpuarray.GPUArray((4, 4), dtype='floa
t64', al-lo-ca-tor=allocator,
 []


Overfull \hbox (5.6062pt too wide) in paragraph at lines 584--584
[]   []\OT1/cmr/m/n/10 pt[]exec[]g.batched[]set[]kernel[]node[]arguments(\OMS/c
msy/m/n/10 f[]\OT1/cmr/m/n/10 pt[]node[]acc['[]pt[]kernel[]0']:
 []


Overfull \hbox (36.57523pt too wide) in paragraph at lines 617--620
[]\OT1/cmr/bx/n/10 Step 3\OT1/cmr/m/n/10 : In-stan-ti-ate [] ob-ject and cache 
the re-sul-tant []
 []


Overfull \hbox (8.52834pt too wide) in paragraph at lines 617--620
\OT1/cmr/m/n/10 ob-ject to avoid trig-ger-ing traver-sals of the en-tire graph 
for sub-se-quent launches. 
 []


Overfull \hbox (16.05562pt too wide) in paragraph at lines 641--643
[]\OT1/cmr/m/n/10 Link to user pro-vided buffers or gen-er-ate new buffers via 
[].|  
 []


Overfull \hbox (31.68057pt too wide) in paragraph at lines 658--661
[]\OT1/cmr/m/n/10 Generate ker-nel string and launch di-men-sions by plug-ging 
[]
 []

[10]

! LaTeX Error: Something's wrong--perhaps a missing \item.

See the LaTeX manual or LaTeX Companion for explanation.
Type  H <return>  for immediate help.
 ...                                              
                                                  
l.710         \begin{tmindent}
                              
Try typing  <return>  to proceed.
If that doesn't work, type  X <return>  to quit.


Overfull \hbox (238.43306pt too wide) in paragraph at lines 751--751
[]|[]| 
 []


LaTeX Warning: `h' float specifier changed to `ht'.

<cudagraph_thesis-5.pdf, id=98, 427.27286pt x 320.33394pt>
File: cudagraph_thesis-5.pdf Graphic file (type pdf)
<use cudagraph_thesis-5.pdf>
Package pdftex.def Info: cudagraph_thesis-5.pdf  used on input line 756.
(pdftex.def)             Requested size: 423.70557pt x 317.66435pt.
! Illegal unit of measure (pt inserted).
<to be read again> 
                   e
l.756 ....164010232192cm]{cudagraph_thesis-5.pdf}}
                                                  
Dimensions can be in units of em, ex, in, pt, pc,
cm, mm, dd, cc, nd, nc, bp, or sp; but yours is a new one!
I'll assume that you meant to say pt, for printer's points.
To recover gracefully from this error, it's best to
delete the erroneous units; e.g., type `2' to delete
two letters. (See Chapter 27 of The TeXbook.)


! Package calc Error: `e' invalid at this point.

See the calc package documentation for explanation.
Type  H <return>  for immediate help.
 ...                                              
                                                  
l.756 ....164010232192cm]{cudagraph_thesis-5.pdf}}
                                                  
I expected to see one of: + - * / )

! Missing number, treated as zero.
<to be read again> 
                   !
l.756 ....164010232192cm]{cudagraph_thesis-5.pdf}}
                                                  
A number should have been here; I inserted `0'.
(If you can't figure out why I needed to see a number,
look up `weird error' in the index to The TeXbook.)

! Illegal unit of measure (pt inserted).
<to be read again> 
                   !
l.756 ....164010232192cm]{cudagraph_thesis-5.pdf}}
                                                  
Dimensions can be in units of em, ex, in, pt, pc,
cm, mm, dd, cc, nd, nc, bp, or sp; but yours is a new one!
I'll assume that you meant to say pt, for printer's points.
To recover gracefully from this error, it's best to
delete the erroneous units; e.g., type `2' to delete
two letters. (See Chapter 27 of The TeXbook.)


Overfull \hbox (89.8167pt too wide) in paragraph at lines 756--758
[]\OT1/cmr/m/n/10 -4![] 
 []

! Extra }, or forgotten \endgroup.
\@endfloatbox ...pagefalse \outer@nobreak \egroup 
                                                  \color@endbox 
l.759 \end{figure}
                  
I've deleted a group-closing symbol because it seems to be
spurious, as in `$x}$'. But perhaps the } is legitimate and
you forgot something else, as in `\hbox{$x}'. In such cases
the way to recover is to insert both the forgotten and the
deleted material, e.g., by typing `I$}'.


! LaTeX Error: \begin{figure} on input line 755 ended by \end{document}.

See the LaTeX manual or LaTeX Companion for explanation.
Type  H <return>  for immediate help.
 ...                                              
                                                  
l.785 \end{document}
                    
Your command was ignored.
Type  I <command> <return>  to replace it with another command,
or  <return>  to continue without it.

(./cudagraph_thesis.aux)
! You can't use `\end' in internal vertical mode.
\enddocument ...cument/end}\deadcycles \z@ \@@end 
                                                  
l.785 \end{document}
                    
Sorry, but I'm not programmed to handle this case;
I'll just pretend that you didn't ask for it.
If you're in the wrong mode, you might be able to
return to the right one by typing `I}' or `I$' or `I\par'.


! LaTeX Error: \begin{figure} on input line 755 ended by \end{document}.

See the LaTeX manual or LaTeX Companion for explanation.
Type  H <return>  for immediate help.
 ...                                              
                                                  
l.785 \end{document}
                    
Your command was ignored.
Type  I <command> <return>  to replace it with another command,
or  <return>  to continue without it.

! Missing } inserted.
<inserted text> 
                }
l.785 \end{document}
                    
I've inserted something that you may have forgotten.
(See the <inserted text> above.)
With luck, this will get me unwedged. But if you
really didn't forget anything, try typing `2' now; then
my insertion and my current dilemma will both disappear.

)
! Emergency stop.
<*> cudagraph_thesis.tex
                        
*** (job aborted, no legal \end found)

 
Here is how much of TeX's memory you used:
 2916 strings out of 478994
 41156 string characters out of 5858184
 356929 words of memory out of 5000000
 20385 multiletter control sequences out of 15000+600000
 408310 words of font info for 43 fonts, out of 8000000 for 9000
 1141 hyphenation exceptions out of 8191
 68i,18n,74p,318b,463s stack positions out of 5000i,500n,10000p,200000b,80000s
!  ==> Fatal error occurred, no output PDF file produced!
